
2014-10-10 08:35:29.905  VCI_ResetCAN:input=(4,0,0),return=0
2014-10-10 08:35:29.905  VCI_ResetCAN:input=(4,0,1),return=0
2014-10-10 08:38:10.171  VCI_ResetCAN:input=(4,0,0),return=0
2014-10-10 08:38:10.186  VCI_ResetCAN:input=(4,0,1),return=0
2014-10-10 08:44:06.217  VCI_ResetCAN:input=(4,0,0),return=0
2014-10-10 08:44:06.233  VCI_ResetCAN:input=(4,0,1),return=0
2014-10-10 08:45:16.624  VCI_ResetCAN:input=(4,0,0),return=0
2014-10-10 08:45:16.639  VCI_ResetCAN:input=(4,0,1),return=0
2014-10-12 09:27:09.121  VCI_Receive:input=(4,0,0,*p,2500,20),return=-1
2014-10-12 09:27:09.121  VCI_Receive:input=(4,0,1,*p,2500,20),return=-1
2014-10-12 09:30:40.043  VCI_Receive:input=(4,0,0,*p,2500,20),return=-1
2014-10-12 09:30:40.058  VCI_Receive:input=(4,0,1,*p,2500,20),return=-1
2014-10-12 09:40:07.652  VCI_Receive:input=(4,0,0,*p,2500,20),return=-1
2014-10-12 09:40:07.652  VCI_Receive:input=(4,0,1,*p,2500,20),return=-1
2014-10-12 09:42:41.840  VCI_Receive:input=(4,0,0,*p,2500,20),return=-1
2014-10-12 09:43:43.324  VCI_Receive:input=(4,0,0,*p,2500,20),return=-1
2014-10-12 09:43:43.324  VCI_Receive:input=(4,0,1,*p,2500,20),return=-1
2014-10-12 09:48:57.543  VCI_Receive:input=(4,0,0,*p,2500,20),return=-1
2014-10-12 09:48:57.558  VCI_Receive:input=(4,0,1,*p,2500,20),return=-1
2014-10-12 10:00:18.558  VCI_Receive:input=(4,0,0,*p,2500,20),return=-1
2014-10-12 10:00:18.558  VCI_Receive:input=(4,0,1,*p,2500,20),return=-1
2014-10-12 10:04:37.027  VCI_Receive:input=(4,0,1,*p,2500,20),return=-1
2014-10-12 10:04:37.043  VCI_Receive:input=(4,0,0,*p,2500,20),return=-1
2014-10-12 10:04:37.043  VCI_Receive:input=(4,0,1,*p,2500,20),return=-1
2014-10-12 10:09:06.449  VCI_Receive:input=(4,0,0,*p,2500,20),return=-1
2014-10-12 10:09:06.449  VCI_Receive:input=(4,0,1,*p,2500,20),return=-1
2014-10-12 10:12:23.840  VCI_Receive:input=(4,0,0,*p,2500,20),return=-1
2014-10-12 10:12:23.855  VCI_Receive:input=(4,0,1,*p,2500,20),return=-1
2014-10-12 10:14:37.855  VCI_Receive:input=(4,0,0,*p,2500,20),return=-1
2014-10-12 10:14:37.855  VCI_Receive:input=(4,0,1,*p,2500,20),return=-1
2014-10-12 10:20:21.480  VCI_Receive:input=(4,0,0,*p,2500,20),return=-1
2014-10-12 10:20:21.496  VCI_Receive:input=(4,0,1,*p,2500,20),return=-1
2014-10-12 10:24:40.871  VCI_Receive:input=(4,0,0,*p,2500,20),return=-1
2014-10-12 10:24:40.871  VCI_Receive:input=(4,0,1,*p,2500,20),return=-1
2014-10-12 10:27:56.652  VCI_Receive:input=(4,0,0,*p,2500,20),return=-1
2014-10-12 10:27:56.652  VCI_Receive:input=(4,0,1,*p,2500,20),return=-1
2014-10-12 10:30:16.699  VCI_Receive:input=(4,0,0,*p,2500,20),return=-1
2014-10-12 10:30:16.715  VCI_Receive:input=(4,0,1,*p,2500,20),return=-1
2014-10-12 10:33:32.152  VCI_Receive:input=(4,0,0,*p,2500,20),return=-1
2014-10-12 10:33:35.543  VCI_Receive:input=(4,0,1,*p,2500,20),return=-1
2014-10-12 10:33:39.230  VCI_Receive:input=(4,0,1,*p,2500,20),return=-1
2014-10-12 10:33:50.574  VCI_Receive:input=(4,0,0,*p,2500,20),return=-1
2014-10-12 10:33:50.590  VCI_Receive:input=(4,0,1,*p,2500,20),return=-1
2014-10-14 08:33:37.201  VCI_ResetCAN:input=(4,0,0),return=0
2014-10-14 08:33:37.232  VCI_ResetCAN:input=(4,0,1),return=0
2014-10-14 08:34:08.951  VCI_ResetCAN:input=(4,0,0),return=0
2014-10-14 08:34:08.982  VCI_ResetCAN:input=(4,0,1),return=0
2014-10-14 08:43:20.732  VCI_ResetCAN:input=(4,0,0),return=0
2014-10-14 08:43:20.763  VCI_ResetCAN:input=(4,0,1),return=0
2014-10-14 08:44:51.138  VCI_ResetCAN:input=(4,0,0),return=0
2014-10-14 08:44:51.154  VCI_ResetCAN:input=(4,0,1),return=0
2014-10-16 19:46:06.738  VCI_ResetCAN:input=(4,0,0),return=0
2014-10-16 19:46:06.769  VCI_ResetCAN:input=(4,0,1),return=0
2014-10-16 19:47:57.503  VCI_ResetCAN:input=(4,0,0),return=0
2014-10-16 19:47:57.519  VCI_ResetCAN:input=(4,0,1),return=0
2014-10-22 08:22:08.789  VCI_ResetCAN:input=(4,0,0),return=0
2014-10-22 08:22:08.883  VCI_ResetCAN:input=(4,0,1),return=0
2014-10-22 18:49:57.659  VCI_ResetCAN:input=(4,0,0),return=0
2014-10-22 18:49:57.706  VCI_ResetCAN:input=(4,0,1),return=0
2014-10-22 18:51:22.503  VCI_ResetCAN:input=(4,0,0),return=0
2014-10-22 18:51:22.503  VCI_ResetCAN:input=(4,0,1),return=0
2014-10-22 19:36:26.738  VCI_ResetCAN:input=(4,0,0),return=0
2014-10-22 19:36:26.738  VCI_ResetCAN:input=(4,0,1),return=0
2014-10-22 19:51:58.706  VCI_FindUsbDevice:return=0
2014-10-22 19:53:02.659  VCI_GetReference2:input=(4,0,0,0,*p),return=0
2014-10-22 19:53:02.659  VCI_GetReference2:input=(4,0,1,0,*p),return=0
2014-10-22 19:55:29.800  VCI_ResetCAN:input=(4,0,0),return=0
2014-10-22 19:55:29.816  VCI_ResetCAN:input=(4,0,1),return=0
2014-10-22 21:19:19.613  VCI_ResetCAN:input=(4,0,0),return=0
2014-10-22 21:19:19.644  VCI_ResetCAN:input=(4,0,1),return=0
2014-10-23 08:26:23.469  VCI_ResetCAN:input=(4,0,0),return=0
2014-10-23 08:26:23.500  VCI_ResetCAN:input=(4,0,1),return=0
2014-10-23 20:21:12.059  VCI_ResetCAN:input=(4,0,0),return=0
2014-10-23 20:21:12.075  VCI_ResetCAN:input=(4,0,1),return=0
2014-10-23 20:21:54.325  VCI_ResetCAN:input=(4,0,0),return=0
2014-10-23 20:21:54.340  VCI_ResetCAN:input=(4,0,1),return=0
2014-10-23 20:23:12.871  VCI_ResetCAN:input=(4,0,0),return=0
2014-10-23 20:23:12.887  VCI_ResetCAN:input=(4,0,1),return=0
2014-10-23 20:35:20.965  VCI_ResetCAN:input=(4,0,0),return=0
2014-10-23 20:35:20.981  VCI_ResetCAN:input=(4,0,1),return=0
2014-10-23 20:44:12.434  VCI_ResetCAN:input=(4,0,0),return=0
2014-10-23 20:44:12.450  VCI_ResetCAN:input=(4,0,1),return=0
2014-10-23 21:12:20.528  VCI_ResetCAN:input=(4,0,0),return=0
2014-10-23 21:12:20.543  VCI_ResetCAN:input=(4,0,1),return=0
2014-10-23 21:12:56.450  VCI_ResetCAN:input=(4,0,0),return=0
2014-10-23 21:12:56.465  VCI_ResetCAN:input=(4,0,1),return=0
2014-10-23 21:14:46.559  VCI_ResetCAN:input=(4,0,0),return=0
2014-10-23 21:14:46.575  VCI_ResetCAN:input=(4,0,1),return=0
2014-10-23 21:16:29.371  VCI_ResetCAN:input=(4,0,0),return=0
2014-10-23 21:16:29.371  VCI_ResetCAN:input=(4,0,1),return=0
2014-10-23 22:06:48.950  VCI_ResetCAN:input=(4,0,0),return=0
2014-10-23 22:06:48.965  VCI_ResetCAN:input=(4,0,1),return=0
2014-10-23 22:07:51.590  VCI_ResetCAN:input=(4,0,0),return=0
2014-10-23 22:07:51.606  VCI_ResetCAN:input=(4,0,1),return=0
2014-10-23 22:08:20.809  VCI_ResetCAN:input=(4,0,0),return=0
2014-10-23 22:08:20.825  VCI_ResetCAN:input=(4,0,1),return=0
2014-10-23 22:24:11.950  VCI_ResetCAN:input=(4,0,0),return=0
2014-10-23 22:24:11.965  VCI_ResetCAN:input=(4,0,1),return=0
2014-10-23 22:27:47.168  VCI_ResetCAN:input=(4,0,0),return=0
2014-10-23 22:27:47.168  VCI_ResetCAN:input=(4,0,1),return=0
2014-10-23 22:31:28.809  VCI_ResetCAN:input=(4,0,0),return=0
2014-10-23 22:31:28.809  VCI_ResetCAN:input=(4,0,1),return=0
2014-10-23 22:33:23.309  VCI_ResetCAN:input=(4,0,0),return=0
2014-10-23 22:33:23.325  VCI_ResetCAN:input=(4,0,1),return=0
2014-10-23 22:35:51.043  VCI_ResetCAN:input=(4,0,0),return=0
2014-10-23 22:35:51.059  VCI_ResetCAN:input=(4,0,1),return=0
2014-10-23 22:38:10.856  VCI_ResetCAN:input=(4,0,0),return=0
2014-10-23 22:38:10.871  VCI_ResetCAN:input=(4,0,1),return=0
2014-10-23 22:38:29.168  VCI_ResetCAN:input=(4,0,0),return=0
2014-10-23 22:38:29.184  VCI_ResetCAN:input=(4,0,1),return=0
2014-10-23 22:44:25.637  VCI_FindUsbDevice:return=0
2014-10-23 22:44:29.637  VCI_FindUsbDevice:return=0
2014-10-23 22:45:14.137  VCI_ResetCAN:input=(4,0,0),return=0
2014-10-23 22:45:14.153  VCI_ResetCAN:input=(4,0,1),return=0
2014-10-23 22:47:28.325  VCI_ResetCAN:input=(4,0,0),return=0
2014-10-23 22:47:28.356  VCI_ResetCAN:input=(4,0,1),return=0
2014-10-23 22:47:35.528  VCI_ResetCAN:input=(4,0,0),return=0
2014-10-23 22:47:35.543  VCI_ResetCAN:input=(4,0,1),return=0
2014-10-23 22:48:18.262  VCI_ResetCAN:input=(4,0,0),return=0
2014-10-23 22:48:18.262  VCI_ResetCAN:input=(4,0,1),return=0
2014-10-23 22:51:19.309  VCI_ResetCAN:input=(4,0,0),return=0
2014-10-23 22:51:19.325  VCI_ResetCAN:input=(4,0,1),return=0
2014-10-23 22:51:54.934  VCI_ResetCAN:input=(4,0,0),return=0
2014-10-23 22:51:54.950  VCI_ResetCAN:input=(4,0,1),return=0
2014-10-23 22:52:36.950  VCI_ResetCAN:input=(4,0,0),return=0
2014-10-23 22:52:36.981  VCI_ResetCAN:input=(4,0,1),return=0
2014-10-23 22:55:44.700  VCI_ResetCAN:input=(4,0,0),return=0
2014-10-23 22:55:44.715  VCI_ResetCAN:input=(4,0,1),return=0
2014-10-23 22:57:46.309  VCI_ResetCAN:input=(4,0,0),return=0
2014-10-23 22:57:46.325  VCI_ResetCAN:input=(4,0,1),return=0
2014-10-23 22:58:42.637  VCI_ResetCAN:input=(4,0,0),return=0
2014-10-23 22:58:42.668  VCI_ResetCAN:input=(4,0,1),return=0
2014-10-23 22:59:32.403  VCI_ResetCAN:input=(4,0,0),return=0
2014-10-23 22:59:32.434  VCI_ResetCAN:input=(4,0,1),return=0
2014-10-23 23:00:05.700  VCI_ResetCAN:input=(4,0,0),return=0
2014-10-23 23:00:05.715  VCI_ResetCAN:input=(4,0,1),return=0
2014-10-24 08:25:59.148  VCI_ResetCAN:input=(4,0,0),return=0
2014-10-24 08:25:59.179  VCI_ResetCAN:input=(4,0,1),return=0
2014-10-24 08:27:56.695  VCI_ResetCAN:input=(4,0,0),return=0
2014-10-24 08:27:56.710  VCI_ResetCAN:input=(4,0,1),return=0
2014-10-24 08:30:00.101  VCI_ResetCAN:input=(4,0,0),return=0
2014-10-24 08:30:00.116  VCI_ResetCAN:input=(4,0,1),return=0
2014-10-24 08:37:39.007  VCI_ResetCAN:input=(4,0,0),return=0
2014-10-24 08:37:39.023  VCI_ResetCAN:input=(4,0,1),return=0
2014-10-24 08:40:38.945  VCI_ResetCAN:input=(4,0,0),return=0
2014-10-24 08:40:38.960  VCI_ResetCAN:input=(4,0,1),return=0
2014-10-24 08:51:48.163  VCI_FindUsbDevice:return=0
2014-10-24 08:52:07.038  VCI_ResetCAN:input=(4,0,0),return=0
2014-10-24 08:52:07.054  VCI_ResetCAN:input=(4,0,1),return=0
2014-10-24 08:52:41.601  VCI_ResetCAN:input=(4,0,0),return=0
2014-10-24 08:52:41.601  VCI_ResetCAN:input=(4,0,1),return=0
2014-10-24 08:54:11.179  VCI_ResetCAN:input=(4,0,0),return=0
2014-10-24 08:54:11.179  VCI_ResetCAN:input=(4,0,1),return=0
2014-10-24 08:54:57.788  VCI_FindUsbDevice:return=0
2014-10-24 08:55:21.257  VCI_ResetCAN:input=(4,0,0),return=0
2014-10-24 08:55:21.273  VCI_ResetCAN:input=(4,0,1),return=0
2014-10-24 09:03:18.382  VCI_ResetCAN:input=(4,0,0),return=0
2014-10-24 09:03:18.398  VCI_ResetCAN:input=(4,0,1),return=0
2014-10-24 09:10:42.804  VCI_ResetCAN:input=(4,0,0),return=0
2014-10-24 09:10:42.804  VCI_ResetCAN:input=(4,0,1),return=0
2014-10-24 09:11:32.148  VCI_ResetCAN:input=(4,0,0),return=0
2014-10-24 09:11:32.163  VCI_ResetCAN:input=(4,0,1),return=0
2014-10-24 09:13:44.929  VCI_ResetCAN:input=(4,0,0),return=0
2014-10-24 09:13:44.945  VCI_ResetCAN:input=(4,0,1),return=0
2014-10-24 09:14:18.585  VCI_ResetCAN:input=(4,0,0),return=0
2014-10-24 09:14:18.601  VCI_ResetCAN:input=(4,0,1),return=0
2014-10-24 09:16:21.491  VCI_ResetCAN:input=(4,0,0),return=0
2014-10-24 09:16:21.507  VCI_ResetCAN:input=(4,0,1),return=0
2014-10-24 09:17:20.804  VCI_ResetCAN:input=(4,0,0),return=0
2014-10-24 09:17:20.804  VCI_ResetCAN:input=(4,0,1),return=0
2014-10-24 09:37:48.648  VCI_ResetCAN:input=(4,0,0),return=0
2014-10-24 09:37:48.663  VCI_ResetCAN:input=(4,0,1),return=0
2014-10-26 15:25:40.975  VCI_ResetCAN:input=(4,0,0),return=0
2014-10-26 15:25:40.991  VCI_ResetCAN:input=(4,0,1),return=0
2014-10-26 16:25:33.725  VCI_GetReference2:input=(2,0,0,0,*p),return=0
2014-10-26 16:25:33.725  VCI_GetReference2:input=(2,0,1,0,*p),return=0
2014-10-26 16:26:18.538  VCI_GetReference2:input=(2,0,0,0,*p),return=0
2014-10-26 16:26:18.538  VCI_GetReference2:input=(2,0,1,0,*p),return=0
2014-10-26 16:28:00.678  VCI_GetReference2:input=(2,0,0,0,*p),return=0
2014-10-26 16:28:00.678  VCI_GetReference2:input=(2,0,1,0,*p),return=0
2014-10-26 16:29:24.428  VCI_GetReference2:input=(2,0,0,0,*p),return=0
2014-10-26 16:29:24.428  VCI_GetReference2:input=(2,0,1,0,*p),return=0
2014-10-26 16:30:19.085  VCI_GetReference2:input=(2,0,0,0,*p),return=0
2014-10-26 16:30:19.085  VCI_GetReference2:input=(2,0,1,0,*p),return=0
2014-10-26 16:31:15.444  VCI_GetReference2:input=(2,0,0,0,*p),return=0
2014-10-26 16:31:15.460  VCI_GetReference2:input=(2,0,1,0,*p),return=0
2014-10-26 16:32:07.335  VCI_GetReference2:input=(2,0,0,0,*p),return=0
2014-10-26 16:32:07.350  VCI_GetReference2:input=(2,0,1,0,*p),return=0
2014-10-26 16:32:33.975  VCI_GetReference2:input=(2,0,0,0,*p),return=0
2014-10-26 16:32:33.975  VCI_GetReference2:input=(2,0,1,0,*p),return=0
2014-10-26 17:11:55.163  VCI_ReadCANStatus:input=(0,0,0),return=0
2014-10-26 17:12:42.147  VCI_ReadCANStatus:input=(0,0,0),return=0
2014-10-26 17:12:46.881  VCI_ReadCANStatus:input=(0,0,0),return=0
2014-10-26 17:12:59.741  VCI_ReadCANStatus:input=(0,0,0),return=0
2014-10-26 17:13:02.006  VCI_ReadCANStatus:input=(0,0,0),return=0
2014-10-26 17:13:06.069  VCI_ReadCANStatus:input=(0,0,0),return=0
2014-10-26 17:13:54.085  VCI_ReadCANStatus:input=(0,0,0),return=0
2014-10-26 17:14:05.085  VCI_ReadCANStatus:input=(0,0,0),return=0
2014-10-26 17:14:07.491  VCI_ReadCANStatus:input=(0,0,0),return=0
2014-10-26 17:14:08.491  VCI_ReadCANStatus:input=(0,0,0),return=0
2014-10-26 17:14:10.600  VCI_ReadCANStatus:input=(0,0,0),return=0
2014-10-26 17:14:12.085  VCI_ReadCANStatus:input=(0,0,0),return=0
2014-10-26 17:14:17.928  VCI_ReadCANStatus:input=(0,0,0),return=0
2014-10-26 17:14:35.319  VCI_ReadCANStatus:input=(0,0,0),return=0
2014-10-26 17:14:39.366  VCI_ReadCANStatus:input=(0,0,0),return=0
2014-10-26 17:14:48.585  VCI_ReadCANStatus:input=(0,0,0),return=0
2014-10-26 17:15:00.163  VCI_ReadCANStatus:input=(0,0,0),return=0
2014-10-26 17:15:02.178  VCI_ReadCANStatus:input=(0,0,0),return=0
2014-10-26 17:15:03.178  VCI_ReadCANStatus:input=(0,0,0),return=0
2014-10-26 23:25:27.362  VCI_ResetCAN:input=(4,0,0),return=0
2014-10-26 23:25:27.378  VCI_ResetCAN:input=(4,0,1),return=0
2014-10-26 23:27:01.456  VCI_ResetCAN:input=(4,0,0),return=0
2014-10-26 23:27:01.456  VCI_ResetCAN:input=(4,0,1),return=0
2014-10-26 23:32:22.175  VCI_Receive:input=(4,0,0,*p,2500,20),return=-1
2014-10-26 23:32:22.190  VCI_Receive:input=(4,0,1,*p,2500,20),return=-1
2014-10-26 23:37:07.472  VCI_Receive:input=(4,0,0,*p,2500,20),return=-1
2014-10-26 23:37:07.472  VCI_Receive:input=(4,0,1,*p,2500,20),return=-1
2014-10-26 23:39:03.628  VCI_Receive:input=(4,0,0,*p,2500,20),return=-1
2014-10-26 23:39:03.628  VCI_Receive:input=(4,0,1,*p,2500,20),return=-1
2014-10-26 23:41:24.956  VCI_ResetCAN:input=(4,0,0),return=0
2014-10-26 23:41:25.034  VCI_ResetCAN:input=(4,0,1),return=0
2014-10-26 23:47:06.487  VCI_ResetCAN:input=(4,0,0),return=0
2014-10-26 23:47:06.503  VCI_ResetCAN:input=(4,0,1),return=0
2014-10-26 23:48:13.237  VCI_ResetCAN:input=(4,0,0),return=0
2014-10-26 23:48:13.237  VCI_ResetCAN:input=(4,0,1),return=0
2014-10-26 23:51:24.534  VCI_ResetCAN:input=(4,0,0),return=0
2014-10-26 23:51:24.550  VCI_ResetCAN:input=(4,0,1),return=0
2014-10-27 13:37:06.407  VCI_ResetCAN:input=(4,0,0),return=0
2014-10-27 13:37:06.422  VCI_ResetCAN:input=(4,0,1),return=0
2014-10-27 13:38:09.204  VCI_ResetCAN:input=(4,0,0),return=0
2014-10-27 13:38:09.219  VCI_ResetCAN:input=(4,0,1),return=0
2014-10-28 13:23:14.097  VCI_FindUsbDevice:return=0
2014-10-28 13:23:22.738  VCI_FindUsbDevice:return=0
2014-10-28 13:23:26.566  VCI_ResetCAN:input=(4,0,0),return=0
2014-10-28 13:23:26.581  VCI_ResetCAN:input=(4,0,1),return=0
2014-10-28 13:25:24.284  VCI_FindUsbDevice:return=0
2014-10-28 13:25:30.706  VCI_GetReference2:input=(4,0,0,0,*p),return=0
2014-10-28 13:25:30.722  VCI_GetReference2:input=(4,0,1,0,*p),return=0
2014-10-28 13:25:37.519  VCI_FindUsbDevice:return=0
2014-10-28 13:25:39.488  VCI_FindUsbDevice:return=0
2014-10-28 13:25:46.581  VCI_GetReference2:input=(4,0,0,0,*p),return=0
2014-10-28 13:25:46.581  VCI_GetReference2:input=(4,0,1,0,*p),return=0
2014-10-28 13:25:54.831  VCI_GetReference2:input=(4,0,0,0,*p),return=0
2014-10-28 13:25:54.831  VCI_GetReference2:input=(4,0,1,0,*p),return=0
2014-10-28 13:25:59.081  VCI_ResetCAN:input=(4,0,0),return=0
2014-10-28 13:25:59.097  VCI_ResetCAN:input=(4,0,1),return=0
2014-10-28 13:26:32.019  VCI_GetReference2:input=(4,0,0,0,*p),return=0
2014-10-28 13:26:32.019  VCI_GetReference2:input=(4,0,1,0,*p),return=0
2014-10-28 13:26:38.831  VCI_FindUsbDevice:return=0
2014-10-28 13:26:46.769  VCI_GetReference2:input=(4,0,0,0,*p),return=0
2014-10-28 13:26:46.784  VCI_GetReference2:input=(4,0,1,0,*p),return=0
2014-10-28 13:26:52.784  VCI_ResetCAN:input=(4,0,0),return=0
2014-10-28 13:26:52.784  VCI_ResetCAN:input=(4,0,1),return=0
2014-10-28 13:27:24.738  VCI_GetReference2:input=(4,0,0,0,*p),return=0
2014-10-28 13:27:24.738  VCI_GetReference2:input=(4,0,1,0,*p),return=0
2014-10-28 13:27:35.331  VCI_FindUsbDevice:return=0
2014-10-28 13:27:39.159  VCI_FindUsbDevice:return=0
2014-10-28 13:27:41.816  VCI_FindUsbDevice:return=0
2014-10-28 13:27:44.363  VCI_FindUsbDevice:return=0
2014-10-28 13:27:49.175  VCI_GetReference2:input=(4,0,0,0,*p),return=0
2014-10-28 13:27:49.175  VCI_GetReference2:input=(4,0,1,0,*p),return=0
2014-10-28 13:27:56.831  VCI_ResetCAN:input=(4,0,0),return=0
2014-10-28 13:27:56.831  VCI_ResetCAN:input=(4,0,1),return=0
2014-10-28 13:29:03.050  VCI_FindUsbDevice:return=0
2014-10-28 13:29:09.316  VCI_ResetCAN:input=(4,0,0),return=0
2014-10-28 13:29:09.316  VCI_ResetCAN:input=(4,0,1),return=0
2014-10-28 13:30:20.097  VCI_FindUsbDevice:return=0
2014-10-28 13:30:26.675  VCI_GetReference2:input=(4,0,0,0,*p),return=0
2014-10-28 13:30:26.691  VCI_GetReference2:input=(4,0,1,0,*p),return=0
2014-10-28 13:30:40.988  VCI_ResetCAN:input=(4,0,0),return=0
2014-10-28 13:30:40.988  VCI_ResetCAN:input=(4,0,1),return=0
2014-10-28 13:32:35.034  VCI_ResetCAN:input=(4,0,0),return=0
2014-10-28 13:32:35.034  VCI_ResetCAN:input=(4,0,1),return=0
2014-10-28 18:58:40.748  VCI_GetReference2:input=(2,0,0,0,*p),return=0
2014-10-28 18:58:40.748  VCI_GetReference2:input=(2,0,1,0,*p),return=0
2014-10-28 18:59:03.436  VCI_GetReference2:input=(2,0,0,0,*p),return=0
2014-10-28 18:59:03.436  VCI_GetReference2:input=(2,0,1,0,*p),return=0
2014-10-28 18:59:47.889  VCI_GetReference2:input=(2,0,0,0,*p),return=0
2014-10-28 18:59:47.889  VCI_GetReference2:input=(2,0,1,0,*p),return=0
2014-10-28 19:12:36.326  VCI_FindUsbDevice:return=0
2014-10-28 19:12:38.998  VCI_FindUsbDevice:return=0
2014-10-28 19:12:40.014  VCI_FindUsbDevice:return=0
2014-10-28 19:12:41.061  VCI_FindUsbDevice:return=0
2014-10-28 19:12:42.092  VCI_FindUsbDevice:return=0
2014-10-28 19:12:43.123  VCI_FindUsbDevice:return=0
2014-10-28 19:13:29.514  VCI_FindUsbDevice:return=0
2014-10-28 19:13:30.576  VCI_FindUsbDevice:return=0
2014-10-28 19:13:31.592  VCI_FindUsbDevice:return=0
2014-10-28 19:13:32.623  VCI_FindUsbDevice:return=0
2014-10-28 19:13:33.670  VCI_FindUsbDevice:return=0
2014-10-28 19:14:21.030  VCI_ResetCAN:input=(4,0,0),return=0
2014-10-28 19:14:21.045  VCI_ResetCAN:input=(4,0,1),return=0
2014-10-28 19:14:48.795  VCI_FindUsbDevice:return=0
2014-10-28 19:14:51.201  VCI_FindUsbDevice:return=0
2014-10-28 19:14:52.248  VCI_FindUsbDevice:return=0
2014-10-28 19:14:53.264  VCI_FindUsbDevice:return=0
2014-10-28 19:14:54.311  VCI_FindUsbDevice:return=0
2014-10-28 19:14:55.342  VCI_FindUsbDevice:return=0
2014-10-28 19:14:56.373  VCI_FindUsbDevice:return=0
2014-10-28 19:15:01.936  VCI_FindUsbDevice:return=0
2014-10-28 19:15:02.951  VCI_FindUsbDevice:return=0
2014-10-28 19:15:04.030  VCI_FindUsbDevice:return=0
2014-10-28 19:15:05.014  VCI_FindUsbDevice:return=0
2014-10-28 19:15:06.123  VCI_FindUsbDevice:return=0
2014-10-28 19:15:07.139  VCI_FindUsbDevice:return=0
2014-10-28 19:15:08.201  VCI_FindUsbDevice:return=0
2014-10-28 19:15:08.701  VCI_ResetCAN:input=(4,0,0),return=0
2014-10-28 19:15:08.717  VCI_ResetCAN:input=(4,0,1),return=0
2014-10-29 08:31:47.193  VCI_ResetCAN:input=(4,0,0),return=0
2014-10-29 08:31:47.193  VCI_ResetCAN:input=(4,0,1),return=0
2014-10-29 08:34:05.318  VCI_ResetCAN:input=(4,0,0),return=0
2014-10-29 08:34:05.318  VCI_ResetCAN:input=(4,0,1),return=0
2014-10-29 08:36:42.943  VCI_ResetCAN:input=(4,0,0),return=0
2014-10-29 08:36:42.943  VCI_ResetCAN:input=(4,0,1),return=0
2014-10-29 19:22:44.830  VCI_ResetCAN:input=(4,0,0),return=0
2014-10-29 19:22:44.846  VCI_ResetCAN:input=(4,0,1),return=0
2015-09-17 10:29:01.205  VCI_ResetCAN:input=(4,0,0),return=0
2015-09-17 10:29:01.206  VCI_ResetCAN:input=(4,0,1),return=0
2017-06-11 14:28:05.388  VCI_ResetCAN:input=(4,0,0),return=0
2017-06-11 14:28:05.392  VCI_ResetCAN:input=(4,0,1),return=0
2017-06-11 14:28:18.757  VCI_ResetCAN:input=(4,0,0),return=0
2017-06-11 14:28:18.761  VCI_ResetCAN:input=(4,0,1),return=0
2017-06-11 14:28:32.089  VCI_ResetCAN:input=(4,0,0),return=0
2017-06-11 14:28:32.092  VCI_ResetCAN:input=(4,0,1),return=0
2017-06-25 09:57:30.640  VCI_ResetCAN:input=(4,0,0),return=0
2017-06-25 09:57:30.640  VCI_ResetCAN:input=(4,0,1),return=0
2017-06-25 09:58:41.390  VCI_ResetCAN:input=(4,0,0),return=0
2017-06-25 09:58:41.390  VCI_ResetCAN:input=(4,0,1),return=0
2017-06-25 09:59:41.171  VCI_ResetCAN:input=(4,0,0),return=0
2017-06-25 09:59:41.171  VCI_ResetCAN:input=(4,0,1),return=0
2017-06-25 10:03:08.968  VCI_ResetCAN:input=(4,0,0),return=0
2017-06-25 10:03:08.968  VCI_ResetCAN:input=(4,0,1),return=0
2017-06-25 10:03:46.968  VCI_ResetCAN:input=(4,0,0),return=0
2017-06-25 10:03:46.968  VCI_ResetCAN:input=(4,0,1),return=0
2017-06-25 10:22:20.343  VCI_ResetCAN:input=(4,0,0),return=0
2017-06-25 10:22:20.343  VCI_ResetCAN:input=(4,0,1),return=0
2017-06-25 10:24:41.843  VCI_ResetCAN:input=(4,0,0),return=0
2017-06-25 10:24:41.843  VCI_ResetCAN:input=(4,0,1),return=0
2017-06-25 10:28:26.468  VCI_ResetCAN:input=(4,0,0),return=0
2017-06-25 10:28:26.468  VCI_ResetCAN:input=(4,0,1),return=0
2017-06-25 10:32:27.953  VCI_ResetCAN:input=(4,0,0),return=0
2017-06-25 10:32:27.953  VCI_ResetCAN:input=(4,0,1),return=0
2017-06-25 10:33:49.140  VCI_ResetCAN:input=(4,0,0),return=0
2017-06-25 10:33:49.140  VCI_ResetCAN:input=(4,0,1),return=0
2017-06-25 10:45:12.593  VCI_FindUsbDevice:return=0
2017-06-25 10:45:23.984  VCI_ResetCAN:input=(4,0,0),return=0
2017-06-25 10:45:23.984  VCI_ResetCAN:input=(4,0,1),return=0
2017-06-25 10:54:12.843  VCI_ResetCAN:input=(4,0,0),return=0
2017-06-25 10:54:12.843  VCI_ResetCAN:input=(4,0,1),return=0
2017-06-25 10:57:29.515  VCI_ResetCAN:input=(4,0,0),return=0
2017-06-25 10:57:29.515  VCI_ResetCAN:input=(4,0,1),return=0
2017-06-25 11:00:44.453  VCI_ResetCAN:input=(4,0,0),return=0
2017-06-25 11:00:44.453  VCI_ResetCAN:input=(4,0,1),return=0
2017-06-25 11:01:40.187  VCI_ResetCAN:input=(4,0,0),return=0
2017-06-25 11:01:40.187  VCI_ResetCAN:input=(4,0,1),return=0
2018-05-04 15:43:38.942  VCI_ResetCAN:input=(4,0,0),return=0
2018-05-04 15:43:38.944  VCI_ResetCAN:input=(4,0,1),return=0
2018-05-04 15:50:02.705  VCI_ResetCAN:input=(4,0,0),return=0
2018-05-04 15:50:02.753  VCI_ResetCAN:input=(4,0,1),return=0
2018-05-04 15:55:12.072  VCI_GetReference2:input=(4,0,0,0,*p),return=-1
2018-05-04 15:55:12.073  VCI_GetReference2:input=(4,0,1,0,*p),return=-1
2018-05-04 15:55:22.573  VCI_ResetCAN:input=(4,0,0),return=-1
2018-05-04 15:55:22.575  VCI_ResetCAN:input=(4,0,1),return=-1
2018-05-04 16:06:47.245  VCI_ResetCAN:input=(4,0,0),return=-1
2018-05-04 16:06:47.247  VCI_ResetCAN:input=(4,0,1),return=-1
2018-05-04 16:14:16.806  VCI_ResetCAN:input=(4,0,0),return=-1
2018-05-04 16:14:16.807  VCI_ResetCAN:input=(4,0,1),return=-1